::1 - - [29/Sep/2017:09:07:48 +0000] "OPTIONS /users/authenticate HTTP/1.1" 204 0
::1 - - [29/Sep/2017:09:07:49 +0000] "POST /users/authenticate HTTP/1.1" 200 653
::1 - - [29/Sep/2017:09:07:52 +0000] "OPTIONS /users/profile HTTP/1.1" 204 0
::1 - - [29/Sep/2017:09:07:52 +0000] "GET /users/profile HTTP/1.1" 200 282
::1 - - [29/Sep/2017:09:07:57 +0000] "OPTIONS /users/profile HTTP/1.1" 204 0
::1 - - [29/Sep/2017:09:07:58 +0000] "GET /users/profile HTTP/1.1" 304 -
::1 - - [30/Sep/2017:07:14:19 +0000] "OPTIONS /users/authenticate HTTP/1.1" 204 0
::1 - - [30/Sep/2017:07:14:20 +0000] "POST /users/authenticate HTTP/1.1" 200 639
::1 - - [30/Sep/2017:07:14:22 +0000] "OPTIONS /users/profile HTTP/1.1" 204 0
::1 - - [30/Sep/2017:07:14:22 +0000] "GET /users/profile HTTP/1.1" 200 276
::1 - - [30/Sep/2017:07:16:28 +0000] "OPTIONS /users/profile HTTP/1.1" 204 0
::1 - - [30/Sep/2017:07:16:28 +0000] "GET /users/profile HTTP/1.1" 304 -
::1 - - [30/Sep/2017:07:19:21 +0000] "OPTIONS /users/profile HTTP/1.1" 204 0
::1 - - [30/Sep/2017:07:19:21 +0000] "GET /users/profile HTTP/1.1" 304 -
::1 - - [30/Sep/2017:07:19:28 +0000] "OPTIONS /users/profile HTTP/1.1" 204 0
::1 - - [30/Sep/2017:07:19:28 +0000] "GET /users/profile HTTP/1.1" 304 -
::1 - - [30/Sep/2017:07:19:33 +0000] "OPTIONS /users/profile HTTP/1.1" 204 0
::1 - - [30/Sep/2017:07:19:33 +0000] "GET /users/profile HTTP/1.1" 304 -
::1 - - [30/Sep/2017:07:23:17 +0000] "OPTIONS /users/profile HTTP/1.1" 204 0
::1 - - [30/Sep/2017:07:23:17 +0000] "GET /users/profile HTTP/1.1" 304 -
::1 - - [30/Sep/2017:07:30:08 +0000] "OPTIONS /users/profile HTTP/1.1" 204 0
::1 - - [30/Sep/2017:07:30:08 +0000] "GET /users/profile HTTP/1.1" 304 -
::1 - - [30/Sep/2017:07:33:56 +0000] "OPTIONS /users/profile HTTP/1.1" 204 0
::1 - - [30/Sep/2017:07:33:56 +0000] "GET /users/profile HTTP/1.1" 304 -
